
*** Running vivado
    with args -log AGC.vds -m64 -product Vivado -mode batch -messageDb vivado.pb -notrace -source AGC.tcl



****** Vivado v2020.2.2 (64-bit)
  **** SW Build 3118627 on Tue Feb  9 05:14:06 MST 2021
  **** IP Build 3115676 on Tue Feb  9 10:48:11 MST 2021
    ** Copyright 1986-2021 Xilinx, Inc. All Rights Reserved.

source AGC.tcl -notrace
Command: synth_design -top AGC -part xc7s25ftgb196-1
Starting synth_design
Attempting to get a license for feature 'Synthesis' and/or device 'xc7s25'
INFO: [Common 17-349] Got license for feature 'Synthesis' and/or device 'xc7s25'
INFO: [Synth 8-7079] Multithreading enabled for synth_design using a maximum of 2 processes.
INFO: [Synth 8-7078] Launching helper process for spawning children vivado processes
INFO: [Synth 8-7075] Helper process launched with PID 22160
---------------------------------------------------------------------------------
Starting Synthesize : Time (s): cpu = 00:00:05 ; elapsed = 00:00:05 . Memory (MB): peak = 1131.863 ; gain = 0.000
---------------------------------------------------------------------------------
INFO: [Synth 8-6157] synthesizing module 'AGC' [C:/Users/pr3de/Documents/MASA/RFVerilog/RFVerilog.srcs/sources_1/new/AGC.v:23]
ERROR: [Synth 8-524] part-select [30:15] out of range of prefix 'realTemp' [C:/Users/pr3de/Documents/MASA/RFVerilog/RFVerilog.srcs/sources_1/new/AGC.v:58]
ERROR: [Synth 8-6156] failed synthesizing module 'AGC' [C:/Users/pr3de/Documents/MASA/RFVerilog/RFVerilog.srcs/sources_1/new/AGC.v:23]
---------------------------------------------------------------------------------
Finished Synthesize : Time (s): cpu = 00:00:06 ; elapsed = 00:00:06 . Memory (MB): peak = 1131.863 ; gain = 0.000
---------------------------------------------------------------------------------
synthesize failed
INFO: [Common 17-83] Releasing license: Synthesis
6 Infos, 0 Warnings, 0 Critical Warnings and 3 Errors encountered.
synth_design failed
ERROR: [Common 17-69] Command failed: Vivado Synthesis failed
INFO: [Common 17-206] Exiting Vivado at Thu Jul  8 16:32:59 2021...
